<?xml version="1.0" encoding="UTF-8"?>
<!-- Generated by org.testng.reporters.JUnitReportReporter -->
<testsuite hostname="BICYCLE_OF_MIND" failures="0" tests="3" name="testCases.HomePageTest" time="60.420" errors="0" timestamp="2025-05-02T00:42:21 IST" skipped="0">
  <testcase classname="testCases.HomePageTest" name="verifyAccountPage" time="45.347"/>
  <testcase classname="testCases.HomePageTest" name="verifyHomePage" time="0.026"/>
  <testcase classname="testCases.HomePageTest" name="verifyLogInLink" time="15.047"/>
</testsuite> <!-- testCases.HomePageTest -->
