<?xml version="1.0" encoding="UTF-8"?>
<!-- Generated by org.testng.reporters.JUnitReportReporter -->
<testsuite hostname="BICYCLE_OF_MIND" failures="0" tests="1" name="testCases.HomePageTest" time="0.030" errors="0" timestamp="2025-04-27T00:59:21 IST" skipped="0">
  <testcase classname="testCases.HomePageTest" name="verifyHomePage" time="0.030"/>
</testsuite> <!-- testCases.HomePageTest -->
