<?xml version="1.0" encoding="UTF-8"?>
<!-- Generated by org.testng.reporters.JUnitReportReporter -->
<testsuite hostname="BICYCLE_OF_MIND" failures="0" tests="2" name="testCases.HomePageTest" time="5.251" errors="0" timestamp="2025-04-27T16:24:35 IST" skipped="0">
  <testcase classname="testCases.HomePageTest" name="verifyHomePage" time="0.044"/>
  <testcase classname="testCases.HomePageTest" name="verifyLogInLink" time="5.207"/>
</testsuite> <!-- testCases.HomePageTest -->
